01/15/2024 10:23:45 AM Information Microsoft-Windows-Security-Auditing 4624 Logon An account was successfully logged on. Subject: Security ID: S-1-5-18 Account Name: WORKSTATION$ Logon Type: 3 New Logon: Security ID: S-1-5-21-123456789-123456789-123456789-1001 Account Name: AdminUser
01/15/2024 10:25:15 AM Error Microsoft-Windows-Application-Experience 1000 Application Error Faulting application name: explorer.exe, version: 10.0.19041.1, time stamp: 0x5a2b4c3d Faulting module name: ntdll.dll, version: 10.0.19041.1151, time stamp: 0x60b3e943 Exception code: 0xc0000374
01/15/2024 10:25:16 AM Warning Microsoft-Windows-WindowsUpdateClient 20 Windows Update Agent Windows Update found 5 updates that require user interaction
01/15/2024 10:26:00 AM Information Microsoft-Windows-TaskScheduler 102 Task Start Task Scheduler launched "{12345678-1234-5678-1234-567812345678}" instance of task "\Microsoft\Windows\Backup\AutomaticBackup"
01/15/2024 10:27:30 AM Information Microsoft-Windows-Service 7036 Service Control Manager The Windows Update service entered the running state
01/15/2024 10:32:15 AM Error Microsoft-Windows-Kernel-Power 41 Critical System power state transition The system has rebooted without cleanly shutting down first. This error could be caused if the system stopped responding, crashed, or lost power unexpectedly.
01/15/2024 10:35:00 AM Warning Microsoft-Windows-DistributedCOM 10016 DCOM The application-specific permission settings do not grant Local Activation permission for the COM Server application with CLSID {C2F03A33-21F5-47FA-B4BB-156362A2F239}
01/15/2024 10:40:23 AM Information Microsoft-Windows-Security-Auditing 4672 Special Logon Special privileges assigned to new logon. User: AdminUser Privileges: SeBackupPrivilege SeRestorePrivilege SeDebugPrivilege
01/15/2024 10:45:12 AM Error Microsoft-Windows-EventLog 1104 Audit Log The Security audit log was cleared. Subject: Security ID: S-1-5-21-123456789-123456789-123456789-500 Account Name: Administrator
01/15/2024 10:50:00 AM Information Microsoft-Windows-Security-Auditing 4625 Logon An account failed to log on. Subject: Account Name: - Logon Type: 3 Account For Which Logon Failed: Account Name: sysadmin Failure Reason: Unknown user name or bad password.
01/15/2024 10:55:30 AM Warning Microsoft-Windows-DNS-Client 1014 DNS Client Events The system failed to register host (A or AAAA) resource records (RRs) for network adapter with settings: Adapter Name: {12345678-1234-1234-1234-123456789ABC}
01/15/2024 11:00:00 AM Information Microsoft-Windows-Winlogon 7001 Logon User Logon Notification User Logon Notification for Customer Experience Improvement Program
01/15/2024 11:05:15 AM Information Microsoft-Windows-Security-Auditing 4634 Logoff An account was logged off. Subject: Security ID: S-1-5-21-123456789-123456789-123456789-1001 Account Name: AdminUser Logon Type: 3
01/15/2024 11:10:00 AM Error Microsoft-Windows-Ntfs 55 NTFS The file system structure on the disk is corrupt and unusable. Please run the chkdsk utility on the volume \Device\HarddiskVolume3.
01/15/2024 11:10:30 AM Warning Microsoft-Windows-Time-Service 47 Time-Service The time service has not synchronized the system time for 86400 seconds because none of the time service providers provided a usable time stamp.
01/15/2024 11:15:00 AM Information Microsoft-Windows-Security-Auditing 5156 Windows Filtering Platform The Windows Filtering Platform has permitted a connection. Application: \device\harddiskvolume2\windows\system32\svchost.exe Direction: Inbound Source Address: 192.168.1.100 Source Port: 52341 Destination Address: 192.168.1.50 Destination Port: 3389
